===========================================================================
         ________    _________   _______       __     _________            
        |        |\ |        |\ |       \\    |  |\  /         \\          
        |    ____|| |    ____|| |    __  ||   |__|| |    ___    ||         
        |   |\___\| |   |\___\| |   |\_| ||    \_\| |   //  \   ||         
        |   ||__    |   ||__    |   ||_| ||   |  |\ |  ||    |  ||         
        |       |\  |       |\  |         \\  |  || |  ||    |  ||         
        |    ___||  |    ___||  |    ___   || |  || |  ||    |  ||         
        |   |\__\|  |   |\__\|  |   |\__|  || |  || |  ||    |  ||         
        |   ||      |   ||___   |   ||__|  || |  || |   \\__/   ||         
        |   ||      |        |\ |          || |  || |           ||         
        |___||      |________|| |_________//  |__||  \_________//          
                                                                           
      F I N I T E   E L E M E N T S   F O R   B I O M E C H A N I C S      
                                                                           
  version 4.9.0
  FEBio is a registered trademark.                                         
  copyright (c) 2006-2025 - All rights reserved                            
                                                                           
===========================================================================





 FILES USED
===========================================================================
	Input file : Z:\Automatisation\FEB_Files\jobs\iter3.feb
	Plot file  : Z:\Automatisation\FEB_Files\jobs\iter3.xplt
	Log file   : Z:\Automatisation\FEB_Files\jobs\iter3.log


 MESH INFO
===========================================================================
	Number of materials ............................ : 10
	Number of domains .............................. : 10
	Number of nodes ................................ : 1331
	Number of solid elements ....................... : 1000


 MODULE
===========================================================================
	Module type ....................................... : solid


 CONTROL DATA
===========================================================================
	analysis .......................................... : STATIC (0)
	time_steps ........................................ : 10
	step_size ......................................... : 0.1
	plot_zero_state ................................... : no (0)
	plot_range ........................................ : 0,-1
	plot_level ........................................ : PLOT_FINAL (4)
	output_level ...................................... : OUTPUT_FINAL (4)
	plot_stride ....................................... : 1
	output_stride ..................................... : 1
	adaptor_re_solve .................................. : yes (1)
	Auto time stepper activated ....................... : yes
	  max_retries ..................................... : 5
	  opt_iter ........................................ : 11
	  dtmin ........................................... : 0
	  dtmax ........................................... : 0.1
	  aggressiveness .................................. : 0
	  cutback ......................................... : 0.5
	  dtforce ......................................... : no (0)
 SOLVER PARAMETERS
===========================================================================
	symmetric_stiffness ............................... : preferred (3)
	equation_scheme ................................... : staggered (0)
	equation_order .................................... : default (0)
	optimize_bw ....................................... : no (0)
	lstol ............................................. : 0.9
	lsmin ............................................. : 0.01
	lsiter ............................................ : 5
	ls_check_jacobians ................................ : no (0)
	max_refs .......................................... : 15
	check_zero_diagonal ............................... : no (0)
	zero_diagonal_tol ................................. : 0
	force_partition ................................... : 0
	reform_each_time_step ............................. : yes (1)
	reform_augment .................................... : no (0)
	diverge_reform .................................... : yes (1)
	min_residual ...................................... : 1e-20
	max_residual ...................................... : 0
	dtol .............................................. : 0.001
	etol .............................................. : 0.01
	rtol .............................................. : 0
	rhoi .............................................. : -2
	alpha ............................................. : 1
	beta .............................................. : 0.25
	gamma ............................................. : 0.5
	logSolve .......................................... : no (0)
	arc_length ........................................ : 0
	arc_length_scale .................................. : 0






 MATERIAL DATA
===========================================================================
  1 - Material1 (type: isotropic elastic)
	density ........................................... : 1
	E ................................................. : 3.00045
	v ................................................. : 0.3
---------------------------------------------------------------------------
  2 - Material2 (type: isotropic elastic)
	density ........................................... : 1
	E ................................................. : 3.00095
	v ................................................. : 0.3
---------------------------------------------------------------------------
  3 - Material3 (type: isotropic elastic)
	density ........................................... : 1
	E ................................................. : 3.00145
	v ................................................. : 0.3
---------------------------------------------------------------------------
  4 - Material4 (type: isotropic elastic)
	density ........................................... : 1
	E ................................................. : 3.00195
	v ................................................. : 0.3
---------------------------------------------------------------------------
  5 - Material5 (type: isotropic elastic)
	density ........................................... : 1
	E ................................................. : 3.00245
	v ................................................. : 0.3
---------------------------------------------------------------------------
  6 - Material6 (type: isotropic elastic)
	density ........................................... : 1
	E ................................................. : 3.00295
	v ................................................. : 0.3
---------------------------------------------------------------------------
  7 - Material7 (type: isotropic elastic)
	density ........................................... : 1
	E ................................................. : 3.00345
	v ................................................. : 0.3
---------------------------------------------------------------------------
  8 - Material8 (type: isotropic elastic)
	density ........................................... : 1
	E ................................................. : 3.00395
	v ................................................. : 0.3
---------------------------------------------------------------------------
  9 - Material9 (type: isotropic elastic)
	density ........................................... : 1
	E ................................................. : 3.00445
	v ................................................. : 0.3
---------------------------------------------------------------------------
 10 - Material10 (type: isotropic elastic)
	density ........................................... : 1
	E ................................................. : 3.5047
	v ................................................. : 0.3


 BOUNDARY CONDITION DATA
===========================================================================
  1 -  Type: zero displacement
	x_dof ............................................. : yes (1)
	y_dof ............................................. : yes (1)
	z_dof ............................................. : yes (1)
---------------------------------------------------------------------------
  2 -  Type: prescribed displacement
	dof ............................................... : 2
	value ............................................. : -0.1
	relative .......................................... : no (0)


 LOAD CONTROLLER DATA
===========================================================================
load controller   1 - LC1 (type: loadcurve)
	interpolate ....................................... : LINEAR (0)
	extend ............................................ : CONSTANT (0)
	points ............................................ : (can't display value)


 OUTPUT DATA
===========================================================================
 LINEAR SOLVER DATA
===========================================================================
	Default linear solver ............................. : pardiso


 *************************************************************************
 * Selecting linear solver pardiso                                       *
 *************************************************************************

 *************************************************************************
 * Setting matrix format to: symmetric                                   *
 *************************************************************************

===== beginning time step 1 : 0.1 =====


Reforming stiffness matrix: reformation #1

===== reforming stiffness matrix:
	Nr of equations ........................... : 3630
	Nr of nonzeroes in stiffness matrix ....... : 122901
 1
 Nonlinear solution status: time= 0.1
	stiffness updates             = 0
	right hand side evaluations   = 2
	stiffness matrix reformations = 1
	step from line search         = 1.000000
	convergence norms :     INITIAL         CURRENT         REQUIRED
	   residual            3.315428e-04    1.682833e-08    0.000000e+00 
	   energy              7.827116e-04    2.892254e-06    7.827116e-06 
	   displacement        1.380877e-02    1.380877e-02    1.380877e-08 
 2
 Nonlinear solution status: time= 0.1
	stiffness updates             = 1
	right hand side evaluations   = 3
	stiffness matrix reformations = 1
	step from line search         = 1.000000
	convergence norms :     INITIAL         CURRENT         REQUIRED
	   residual            3.315428e-04    3.089817e-11    0.000000e+00 
	   energy              7.827116e-04    3.071093e-09    7.827116e-06 
	   displacement        1.380877e-02    2.504489e-06    1.349423e-08 
 3
 Nonlinear solution status: time= 0.1
	stiffness updates             = 2
	right hand side evaluations   = 4
	stiffness matrix reformations = 1
	step from line search         = 1.000000
	convergence norms :     INITIAL         CURRENT         REQUIRED
	   residual            3.315428e-04    1.332693e-14    0.000000e+00 
	   energy              7.827116e-04    1.719602e-14    7.827116e-06 
	   displacement        1.380877e-02    1.510334e-08    1.346922e-08 
 4
 Nonlinear solution status: time= 0.1
	stiffness updates             = 3
	right hand side evaluations   = 5
	stiffness matrix reformations = 1
	step from line search         = 1.000000
	convergence norms :     INITIAL         CURRENT         REQUIRED
	   residual            3.315428e-04    1.325434e-17    0.000000e+00 
	   energy              7.827116e-04    8.038111e-16    7.827116e-06 
	   displacement        1.380877e-02    8.233502e-13    1.346930e-08 

convergence summary
    number of iterations   : 4
    number of reformations : 1

------- converged at time : 0.1


===== beginning time step 2 : 0.2 =====


Reforming stiffness matrix: reformation #1

 1
 Nonlinear solution status: time= 0.2
	stiffness updates             = 0
	right hand side evaluations   = 2
	stiffness matrix reformations = 1
	step from line search         = 1.000000
	convergence norms :     INITIAL         CURRENT         REQUIRED
	   residual            3.016945e-04    1.939249e-08    0.000000e+00 
	   energy              7.357539e-04    2.895968e-06    7.357539e-06 
	   displacement        1.312859e-02    1.312859e-02    1.312859e-08 
 2
 Nonlinear solution status: time= 0.2
	stiffness updates             = 1
	right hand side evaluations   = 3
	stiffness matrix reformations = 1
	step from line search         = 1.000000
	convergence norms :     INITIAL         CURRENT         REQUIRED
	   residual            3.016945e-04    3.666682e-11    0.000000e+00 
	   energy              7.357539e-04    3.511385e-09    7.357539e-06 
	   displacement        1.312859e-02    2.782670e-06    1.280657e-08 
 3
 Nonlinear solution status: time= 0.2
	stiffness updates             = 2
	right hand side evaluations   = 4
	stiffness matrix reformations = 1
	step from line search         = 1.000000
	convergence norms :     INITIAL         CURRENT         REQUIRED
	   residual            3.016945e-04    1.824640e-14    0.000000e+00 
	   energy              7.357539e-04    3.673899e-14    7.357539e-06 
	   displacement        1.312859e-02    1.871050e-08    1.277952e-08 
 4
 Nonlinear solution status: time= 0.2
	stiffness updates             = 3
	right hand side evaluations   = 5
	stiffness matrix reformations = 1
	step from line search         = 1.000000
	convergence norms :     INITIAL         CURRENT         REQUIRED
	   residual            3.016945e-04    2.012003e-17    0.000000e+00 
	   energy              7.357539e-04    1.118367e-15    7.357539e-06 
	   displacement        1.312859e-02    1.184971e-12    1.277962e-08 

convergence summary
    number of iterations   : 4
    number of reformations : 1

------- converged at time : 0.2


===== beginning time step 3 : 0.3 =====


Reforming stiffness matrix: reformation #1

 1
 Nonlinear solution status: time= 0.3
	stiffness updates             = 0
	right hand side evaluations   = 2
	stiffness matrix reformations = 1
	step from line search         = 1.000000
	convergence norms :     INITIAL         CURRENT         REQUIRED
	   residual            2.733821e-04    2.238860e-08    0.000000e+00 
	   energy              6.897527e-04    2.888118e-06    6.897527e-06 
	   displacement        1.242990e-02    1.242990e-02    1.242990e-08 
 2
 Nonlinear solution status: time= 0.3
	stiffness updates             = 1
	right hand side evaluations   = 3
	stiffness matrix reformations = 1
	step from line search         = 1.000000
	convergence norms :     INITIAL         CURRENT         REQUIRED
	   residual            2.733821e-04    4.365754e-11    0.000000e+00 
	   energy              6.897527e-04    4.023838e-09    6.897527e-06 
	   displacement        1.242990e-02    3.088474e-06    1.210135e-08 
 3
 Nonlinear solution status: time= 0.3
	stiffness updates             = 2
	right hand side evaluations   = 4
	stiffness matrix reformations = 1
	step from line search         = 1.000000
	convergence norms :     INITIAL         CURRENT         REQUIRED
	   residual            2.733821e-04    2.518280e-14    0.000000e+00 
	   energy              6.897527e-04    1.128792e-13    6.897527e-06 
	   displacement        1.242990e-02    2.329064e-08    1.207210e-08 
 4
 Nonlinear solution status: time= 0.3
	stiffness updates             = 3
	right hand side evaluations   = 5
	stiffness matrix reformations = 1
	step from line search         = 1.000000
	convergence norms :     INITIAL         CURRENT         REQUIRED
	   residual            2.733821e-04    3.148680e-17    0.000000e+00 
	   energy              6.897527e-04    1.617964e-15    6.897527e-06 
	   displacement        1.242990e-02    1.743705e-12    1.207222e-08 

convergence summary
    number of iterations   : 4
    number of reformations : 1

------- converged at time : 0.3


===== beginning time step 4 : 0.4 =====


Reforming stiffness matrix: reformation #1

 1
 Nonlinear solution status: time= 0.4
	stiffness updates             = 0
	right hand side evaluations   = 2
	stiffness matrix reformations = 1
	step from line search         = 1.000000
	convergence norms :     INITIAL         CURRENT         REQUIRED
	   residual            2.466254e-04    2.588868e-08    0.000000e+00 
	   energy              6.447725e-04    2.866858e-06    6.447725e-06 
	   displacement        1.171435e-02    1.171435e-02    1.171435e-08 
 2
 Nonlinear solution status: time= 0.4
	stiffness updates             = 1
	right hand side evaluations   = 3
	stiffness matrix reformations = 1
	step from line search         = 1.000000
	convergence norms :     INITIAL         CURRENT         REQUIRED
	   residual            2.466254e-04    5.220131e-11    0.000000e+00 
	   energy              6.447725e-04    4.623838e-09    6.447725e-06 
	   displacement        1.171435e-02    3.423618e-06    1.138039e-08 
 3
 Nonlinear solution status: time= 0.4
	stiffness updates             = 2
	right hand side evaluations   = 4
	stiffness matrix reformations = 1
	step from line search         = 1.000000
	convergence norms :     INITIAL         CURRENT         REQUIRED
	   residual            2.466254e-04    3.504050e-14    0.000000e+00 
	   energy              6.447725e-04    2.111088e-13    6.447725e-06 
	   displacement        1.171435e-02    2.914759e-08    1.134878e-08 
 4
 Nonlinear solution status: time= 0.4
	stiffness updates             = 3
	right hand side evaluations   = 5
	stiffness matrix reformations = 1
	step from line search         = 1.000000
	convergence norms :     INITIAL         CURRENT         REQUIRED
	   residual            2.466254e-04    5.081730e-17    0.000000e+00 
	   energy              6.447725e-04    2.445571e-15    6.447725e-06 
	   displacement        1.171435e-02    2.618638e-12    1.134892e-08 

convergence summary
    number of iterations   : 4
    number of reformations : 1

------- converged at time : 0.4


===== beginning time step 5 : 0.5 =====


Reforming stiffness matrix: reformation #1

 1
 Nonlinear solution status: time= 0.5
	stiffness updates             = 0
	right hand side evaluations   = 2
	stiffness matrix reformations = 1
	step from line search         = 1.000000
	convergence norms :     INITIAL         CURRENT         REQUIRED
	   residual            2.214542e-04    2.997733e-08    0.000000e+00 
	   energy              6.008847e-04    2.830189e-06    6.008847e-06 
	   displacement        1.098396e-02    1.098396e-02    1.098396e-08 
 2
 Nonlinear solution status: time= 0.5
	stiffness updates             = 1
	right hand side evaluations   = 3
	stiffness matrix reformations = 1
	step from line search         = 1.000000
	convergence norms :     INITIAL         CURRENT         REQUIRED
	   residual            2.214542e-04    6.276870e-11    0.000000e+00 
	   energy              6.008847e-04    5.332283e-09    6.008847e-06 
	   displacement        1.098396e-02    3.790198e-06    1.064588e-08 
 3
 Nonlinear solution status: time= 0.5
	stiffness updates             = 2
	right hand side evaluations   = 4
	stiffness matrix reformations = 1
	step from line search         = 1.000000
	convergence norms :     INITIAL         CURRENT         REQUIRED
	   residual            2.214542e-04    4.921952e-14    0.000000e+00 
	   energy              6.008847e-04    3.214672e-13    6.008847e-06 
	   displacement        1.098396e-02    3.670337e-08    1.061170e-08 
 4
 Nonlinear solution status: time= 0.5
	stiffness updates             = 3
	right hand side evaluations   = 5
	stiffness matrix reformations = 1
	step from line search         = 1.000000
	convergence norms :     INITIAL         CURRENT         REQUIRED
	   residual            2.214542e-04    8.471909e-17    0.000000e+00 
	   energy              6.008847e-04    3.873501e-15    6.008847e-06 
	   displacement        1.098396e-02    4.006820e-12    1.061188e-08 

convergence summary
    number of iterations   : 4
    number of reformations : 1

------- converged at time : 0.5


===== beginning time step 6 : 0.6 =====


Reforming stiffness matrix: reformation #1

 1
 Nonlinear solution status: time= 0.6
	stiffness updates             = 0
	right hand side evaluations   = 2
	stiffness matrix reformations = 1
	step from line search         = 1.000000
	convergence norms :     INITIAL         CURRENT         REQUIRED
	   residual            1.979093e-04    3.475552e-08    0.000000e+00 
	   energy              5.581683e-04    2.775954e-06    5.581683e-06 
	   displacement        1.024099e-02    1.024099e-02    1.024099e-08 
 2
 Nonlinear solution status: time= 0.6
	stiffness updates             = 1
	right hand side evaluations   = 3
	stiffness matrix reformations = 1
	step from line search         = 1.000000
	convergence norms :     INITIAL         CURRENT         REQUIRED
	   residual            1.979093e-04    7.606284e-11    0.000000e+00 
	   energy              5.581683e-04    6.178944e-09    5.581683e-06 
	   displacement        1.024099e-02    4.191230e-06    9.900224e-09 
 3
 Nonlinear solution status: time= 0.6
	stiffness updates             = 2
	right hand side evaluations   = 4
	stiffness matrix reformations = 1
	step from line search         = 1.000000
	convergence norms :     INITIAL         CURRENT         REQUIRED
	   residual            1.979093e-04    7.000173e-14    0.000000e+00 
	   energy              5.581683e-04    4.107167e-13    5.581683e-06 
	   displacement        1.024099e-02    4.656150e-08    9.863256e-09 
 4
 Nonlinear solution status: time= 0.6
	stiffness updates             = 3
	right hand side evaluations   = 5
	stiffness matrix reformations = 1
	step from line search         = 1.000000
	convergence norms :     INITIAL         CURRENT         REQUIRED
	   residual            1.979093e-04    1.463526e-16    0.000000e+00 
	   energy              5.581683e-04    6.436180e-15    5.581683e-06 
	   displacement        1.024099e-02    6.242074e-12    9.863462e-09 

convergence summary
    number of iterations   : 4
    number of reformations : 1

------- converged at time : 0.6


===== beginning time step 7 : 0.7 =====


Reforming stiffness matrix: reformation #1

 1
 Nonlinear solution status: time= 0.7
	stiffness updates             = 0
	right hand side evaluations   = 2
	stiffness matrix reformations = 1
	step from line search         = 1.000000
	convergence norms :     INITIAL         CURRENT         REQUIRED
	   residual            1.760434e-04    4.034733e-08    0.000000e+00 
	   energy              5.167104e-04    2.701830e-06    5.167104e-06 
	   displacement        9.487920e-03    9.487920e-03    9.487920e-09 
 2
 Nonlinear solution status: time= 0.7
	stiffness updates             = 1
	right hand side evaluations   = 3
	stiffness matrix reformations = 1
	step from line search         = 1.000000
	convergence norms :     INITIAL         CURRENT         REQUIRED
	   residual            1.760434e-04    9.319651e-11    0.000000e+00 
	   energy              5.167104e-04    7.208635e-09    5.167104e-06 
	   displacement        9.487920e-03    4.631746e-06    9.145936e-09 
 3
 Nonlinear solution status: time= 0.7
	stiffness updates             = 2
	right hand side evaluations   = 4
	stiffness matrix reformations = 1
	step from line search         = 1.000000
	convergence norms :     INITIAL         CURRENT         REQUIRED
	   residual            1.760434e-04    1.013604e-13    0.000000e+00 
	   energy              5.167104e-04    3.929829e-13    5.167104e-06 
	   displacement        9.487920e-03    5.961972e-08    9.105915e-09 
 4
 Nonlinear solution status: time= 0.7
	stiffness updates             = 3
	right hand side evaluations   = 5
	stiffness matrix reformations = 1
	step from line search         = 1.000000
	convergence norms :     INITIAL         CURRENT         REQUIRED
	   residual            1.760434e-04    2.632216e-16    0.000000e+00 
	   energy              5.167104e-04    1.122073e-14    5.167104e-06 
	   displacement        9.487920e-03    9.910682e-12    9.106154e-09 

convergence summary
    number of iterations   : 4
    number of reformations : 1

------- converged at time : 0.7


===== beginning time step 8 : 0.8 =====


Reforming stiffness matrix: reformation #1

 1
 Nonlinear solution status: time= 0.8
	stiffness updates             = 0
	right hand side evaluations   = 2
	stiffness matrix reformations = 1
	step from line search         = 1.000000
	convergence norms :     INITIAL         CURRENT         REQUIRED
	   residual            1.559224e-04    4.691228e-08    0.000000e+00 
	   energy              4.766069e-04    2.605268e-06    4.766069e-06 
	   displacement        8.727195e-03    8.727195e-03    8.727195e-09 
 2
 Nonlinear solution status: time= 0.8
	stiffness updates             = 1
	right hand side evaluations   = 3
	stiffness matrix reformations = 1
	step from line search         = 1.000000
	convergence norms :     INITIAL         CURRENT         REQUIRED
	   residual            1.559224e-04    1.160489e-10    0.000000e+00 
	   energy              4.766069e-04    8.493188e-09    4.766069e-06 
	   displacement        8.727195e-03    5.120924e-06    8.385433e-09 
 3
 Nonlinear solution status: time= 0.8
	stiffness updates             = 2
	right hand side evaluations   = 4
	stiffness matrix reformations = 1
	step from line search         = 1.000000
	convergence norms :     INITIAL         CURRENT         REQUIRED
	   residual            1.559224e-04    1.507808e-13    0.000000e+00 
	   energy              4.766069e-04    6.341802e-14    4.766069e-06 
	   displacement        8.727195e-03    7.728547e-08    8.342011e-09 
 4
 Nonlinear solution status: time= 0.8
	stiffness updates             = 3
	right hand side evaluations   = 5
	stiffness matrix reformations = 1
	step from line search         = 1.000000
	convergence norms :     INITIAL         CURRENT         REQUIRED
	   residual            1.559224e-04    4.960044e-16    0.000000e+00 
	   energy              4.766069e-04    2.053736e-14    4.766069e-06 
	   displacement        8.727195e-03    1.609776e-11    8.342281e-09 

convergence summary
    number of iterations   : 4
    number of reformations : 1

------- converged at time : 0.8


===== beginning time step 9 : 0.9 =====


Reforming stiffness matrix: reformation #1

 1
 Nonlinear solution status: time= 0.9
	stiffness updates             = 0
	right hand side evaluations   = 2
	stiffness matrix reformations = 1
	step from line search         = 1.000000
	convergence norms :     INITIAL         CURRENT         REQUIRED
	   residual            1.376265e-04    5.466918e-08    0.000000e+00 
	   energy              4.379637e-04    2.483358e-06    4.379637e-06 
	   displacement        7.960972e-03    7.960972e-03    7.960972e-09 
 2
 Nonlinear solution status: time= 0.9
	stiffness updates             = 1
	right hand side evaluations   = 3
	stiffness matrix reformations = 1
	step from line search         = 1.000000
	convergence norms :     INITIAL         CURRENT         REQUIRED
	   residual            1.376265e-04    1.480322e-10    0.000000e+00 
	   energy              4.379637e-04    1.015609e-08    4.379637e-06 
	   displacement        7.960972e-03    5.676413e-06    7.620650e-09 
 3
 Nonlinear solution status: time= 0.9
	stiffness updates             = 2
	right hand side evaluations   = 4
	stiffness matrix reformations = 1
	step from line search         = 1.000000
	convergence norms :     INITIAL         CURRENT         REQUIRED
	   residual            1.376265e-04    2.336722e-13    0.000000e+00 
	   energy              4.379637e-04    1.059966e-12    4.379637e-06 
	   displacement        7.960972e-03    1.019238e-07    7.573342e-09 
 4
 Nonlinear solution status: time= 0.9
	stiffness updates             = 3
	right hand side evaluations   = 5
	stiffness matrix reformations = 1
	step from line search         = 1.000000
	convergence norms :     INITIAL         CURRENT         REQUIRED
	   residual            1.376265e-04    9.871163e-16    0.000000e+00 
	   energy              4.379637e-04    3.956398e-14    4.379637e-06 
	   displacement        7.960972e-03    2.696059e-11    7.573635e-09 

convergence summary
    number of iterations   : 4
    number of reformations : 1

------- converged at time : 0.9


===== beginning time step 10 : 1 =====


Reforming stiffness matrix: reformation #1

 1
 Nonlinear solution status: time= 1
	stiffness updates             = 0
	right hand side evaluations   = 2
	stiffness matrix reformations = 1
	step from line search         = 1.000000
	convergence norms :     INITIAL         CURRENT         REQUIRED
	   residual            1.212517e-04    6.394489e-08    0.000000e+00 
	   energy              4.008997e-04    2.332468e-06    4.008997e-06 
	   displacement        7.190601e-03    7.190601e-03    7.190601e-09 
 2
 Nonlinear solution status: time= 1
	stiffness updates             = 1
	right hand side evaluations   = 3
	stiffness matrix reformations = 1
	step from line search         = 1.000000
	convergence norms :     INITIAL         CURRENT         REQUIRED
	   residual            1.212517e-04    1.958721e-10    0.000000e+00 
	   energy              4.008997e-04    1.242696e-08    4.008997e-06 
	   displacement        7.190601e-03    6.333538e-06    6.852441e-09 
 3
 Nonlinear solution status: time= 1
	stiffness updates             = 2
	right hand side evaluations   = 4
	stiffness matrix reformations = 1
	step from line search         = 1.000000
	convergence norms :     INITIAL         CURRENT         REQUIRED
	   residual            1.212517e-04    3.849915e-13    0.000000e+00 
	   energy              4.008997e-04    4.142117e-12    4.008997e-06 
	   displacement        7.190601e-03    1.378837e-07    6.800506e-09 
 4
 Nonlinear solution status: time= 1
	stiffness updates             = 3
	right hand side evaluations   = 5
	stiffness matrix reformations = 1
	step from line search         = 1.000000
	convergence norms :     INITIAL         CURRENT         REQUIRED
	   residual            1.212517e-04    2.095977e-15    0.000000e+00 
	   energy              4.008997e-04    8.068205e-14    4.008997e-06 
	   displacement        7.190601e-03    4.719699e-11    6.800807e-09 

convergence summary
    number of iterations   : 4
    number of reformations : 1

------- converged at time : 1



 N O N L I N E A R   I T E R A T I O N   I N F O R M A T I O N

	Number of time steps completed .................... : 10

	Total number of equilibrium iterations ............ : 40

	Average number of equilibrium iterations .......... : 4

	Total number of right hand evaluations ............ : 50

	Total number of stiffness reformations ............ : 10


 L I N E A R   S O L V E R   S T A T S

	Total calls to linear solver ........ : 40

	Avg iterations per solve ............ : 1

	Time in linear solver: 0:00:00

 Peak memory  : 285.7 MB

 Elapsed time : 0:00:01

 T I M I N G   I N F O R M A T I O N

	Input time ...................... : 0:00:00 (0.0537933 sec)

	Initialization time ............. : 0:00:00 (0.03639 sec)

	Solve time ...................... : 0:00:01 (0.647761 sec)

	   IO-time (plot, dmp, data) .... : 0:00:00 (0.134921 sec)

	   reforming stiffness .......... : 0:00:00 (0.0061545 sec)

	   evaluating stiffness ......... : 0:00:00 (0.0390745 sec)

	   evaluating residual .......... : 0:00:00 (0.0283646 sec)

	   model update ................. : 0:00:00 (0.0270264 sec)

	   QN updates ................... : 0:00:00 (0.0009996 sec)

	   time in linear solver ........ : 0:00:00 (0.410373 sec)

	Total elapsed time .............. : 0:00:01 (0.787493 sec)


 N O R M A L   T E R M I N A T I O N

